0 info it worked if it ends with ok
1 verbose cli [ '/usr/bin/node', '/usr/bin/npm', 'install' ]
2 info using npm@1.4.28
3 info using node@v0.10.37
4 verbose node symlink /usr/bin/node
5 verbose readDependencies using package.json deps
6 verbose install where, deps [ '/home/srikrishnan/scalable/eCommerce-App',
6 verbose install   [ 'body-parser',
6 verbose install     'cookie-parser',
6 verbose install     'debug',
6 verbose install     'express',
6 verbose install     'jade',
6 verbose install     'morgan',
6 verbose install     'serve-favicon',
6 verbose install     'mysql',
6 verbose install     'express-session',
6 verbose install     'lazy',
6 verbose install     'express-mysql-session',
6 verbose install     'line-reader' ] ]
7 info preinstall ecommerce@0.0.0
8 verbose readDependencies using package.json deps
9 verbose already installed skipping body-parser@~1.13.2 /home/srikrishnan/scalable/eCommerce-App
10 verbose already installed skipping cookie-parser@~1.3.5 /home/srikrishnan/scalable/eCommerce-App
11 verbose already installed skipping debug@~2.2.0 /home/srikrishnan/scalable/eCommerce-App
12 verbose already installed skipping express@~4.13.1 /home/srikrishnan/scalable/eCommerce-App
13 verbose already installed skipping jade@~1.11.0 /home/srikrishnan/scalable/eCommerce-App
14 verbose already installed skipping morgan@~1.6.1 /home/srikrishnan/scalable/eCommerce-App
15 verbose already installed skipping serve-favicon@~2.3.0 /home/srikrishnan/scalable/eCommerce-App
16 verbose already installed skipping mysql@~2.9.0 /home/srikrishnan/scalable/eCommerce-App
17 verbose already installed skipping express-session@~1.11.3 /home/srikrishnan/scalable/eCommerce-App
18 verbose already installed skipping lazy@~1.0.11 /home/srikrishnan/scalable/eCommerce-App
19 verbose already installed skipping express-mysql-session@~0.4.1 /home/srikrishnan/scalable/eCommerce-App
20 verbose cache add [ 'line-reader@~0.0.2', null ]
21 verbose cache add name=undefined spec="line-reader@~0.0.2" args=["line-reader@~0.0.2",null]
22 verbose parsed url { protocol: null,
22 verbose parsed url   slashes: null,
22 verbose parsed url   auth: null,
22 verbose parsed url   host: null,
22 verbose parsed url   port: null,
22 verbose parsed url   hostname: null,
22 verbose parsed url   hash: null,
22 verbose parsed url   search: null,
22 verbose parsed url   query: null,
22 verbose parsed url   pathname: 'line-reader@~0.0.2',
22 verbose parsed url   path: 'line-reader@~0.0.2',
22 verbose parsed url   href: 'line-reader@~0.0.2' }
23 verbose cache add name="line-reader" spec="~0.0.2" args=["line-reader","~0.0.2"]
24 verbose parsed url { protocol: null,
24 verbose parsed url   slashes: null,
24 verbose parsed url   auth: null,
24 verbose parsed url   host: null,
24 verbose parsed url   port: null,
24 verbose parsed url   hostname: null,
24 verbose parsed url   hash: null,
24 verbose parsed url   search: null,
24 verbose parsed url   query: null,
24 verbose parsed url   pathname: '~0.0.2',
24 verbose parsed url   path: '~0.0.2',
24 verbose parsed url   href: '~0.0.2' }
25 verbose addNamed [ 'line-reader', '~0.0.2' ]
26 verbose addNamed [ null, '>=0.0.2-0 <0.1.0-0' ]
27 silly lockFile 46f0a648-line-reader-0-0-2 line-reader@~0.0.2
28 verbose lock line-reader@~0.0.2 /home/srikrishnan/.npm/46f0a648-line-reader-0-0-2.lock
29 silly addNameRange { name: 'line-reader',
29 silly addNameRange   range: '>=0.0.2-0 <0.1.0-0',
29 silly addNameRange   hasData: false }
30 verbose request where is /line-reader
31 verbose request registry https://registry.npmjs.org/
32 verbose request id d950eecec0ce1eac
33 verbose url raw /line-reader
34 verbose url resolving [ 'https://registry.npmjs.org/', './line-reader' ]
35 verbose url resolved https://registry.npmjs.org/line-reader
36 verbose request where is https://registry.npmjs.org/line-reader
37 info trying registry request attempt 1 at 18:33:43
38 http GET https://registry.npmjs.org/line-reader
39 http 200 https://registry.npmjs.org/line-reader
40 silly registry.get cb [ 200,
40 silly registry.get   { server: 'CouchDB/1.5.0 (Erlang OTP/R16B03)',
40 silly registry.get     etag: '"JA25478PMRBL5L2QLG96U8VD"',
40 silly registry.get     'content-type': 'application/json',
40 silly registry.get     'cache-control': 'max-age=60',
40 silly registry.get     'content-length': '12712',
40 silly registry.get     'accept-ranges': 'bytes',
40 silly registry.get     date: 'Sat, 17 Oct 2015 22:33:44 GMT',
40 silly registry.get     via: '1.1 varnish',
40 silly registry.get     age: '0',
40 silly registry.get     connection: 'keep-alive',
40 silly registry.get     'x-served-by': 'cache-atl6225-ATL',
40 silly registry.get     'x-cache': 'HIT',
40 silly registry.get     'x-cache-hits': '1',
40 silly registry.get     'x-timer': 'S1445121223.991509,VS0,VE27',
40 silly registry.get     vary: 'Accept' } ]
41 silly addNameRange number 2 { name: 'line-reader',
41 silly addNameRange   range: '>=0.0.2-0 <0.1.0-0',
41 silly addNameRange   hasData: true }
42 silly addNameRange versions [ 'line-reader',
42 silly addNameRange   [ '0.1.0',
42 silly addNameRange     '0.1.1',
42 silly addNameRange     '0.1.2',
42 silly addNameRange     '0.1.3',
42 silly addNameRange     '0.2.0',
42 silly addNameRange     '0.2.1',
42 silly addNameRange     '0.2.2',
42 silly addNameRange     '0.2.3',
42 silly addNameRange     '0.2.4',
42 silly addNameRange     '0.3.0' ] ]
43 silly lockFile 46f0a648-line-reader-0-0-2 line-reader@~0.0.2
44 silly lockFile 46f0a648-line-reader-0-0-2 line-reader@~0.0.2
45 error notarget No compatible version found: line-reader@'>=0.0.2-0 <0.1.0-0'
45 error notarget Valid install targets:
45 error notarget ["0.1.0","0.1.1","0.1.2","0.1.3","0.2.0","0.2.1","0.2.2","0.2.3","0.2.4","0.3.0"]
45 error notarget
45 error notarget This is most likely not a problem with npm itself.
45 error notarget In most cases you or one of your dependencies are requesting
45 error notarget a package version that doesn't exist.
46 error System Linux 3.13.0-65-generic
47 error command "/usr/bin/node" "/usr/bin/npm" "install"
48 error cwd /home/srikrishnan/scalable/eCommerce-App
49 error node -v v0.10.37
50 error npm -v 1.4.28
51 error code ETARGET
52 verbose exit [ 1, true ]
